<?xml version="1.0" encoding="UTF-8"?>
<testsuite name="ApplicationTest" tests="2" skipped="0" failures="0" errors="0" timestamp="2022-03-09T16:52:34" hostname="FUS-9QQN1J3" time="0.81">
  <properties/>
  <testcase name="emptyPath" classname="ApplicationTest" time="0.777"/>
  <testcase name="validValue" classname="ApplicationTest" time="0.033"/>
  <system-out><![CDATA[13:52:34.206 [Test worker] INFO ktor.test - Autoreload is disabled because the development mode is off.
13:52:34.213 [Test worker] INFO ktor.test - Application started in 0.056 seconds.
13:52:34.403 [Test worker] DEBUG Exposed - CREATE TABLE IF NOT EXISTS notes (id uuid PRIMARY KEY, "content" VARCHAR(500) NOT NULL)
13:52:34.408 [Test worker] DEBUG Exposed - ALTER TABLE notes ADD CONSTRAINT notes_id_unique UNIQUE (id)
13:52:34.852 [Test worker] INFO ktor.test - Autoreload is disabled because the development mode is off.
13:52:34.852 [Test worker] INFO ktor.test - Application started in 0.0 seconds.
]]></system-out>
  <system-err><![CDATA[]]></system-err>
</testsuite>
